<?xml version="1.0" encoding="UTF-8"?>
<testng-results ignored="2" total="4" passed="2" failed="0" skipped="0">
  <reporter-output>
  </reporter-output>
  <suite started-at="2022-07-29T00:09:28 EET" name="Default suite" finished-at="2022-07-29T00:09:44 EET" duration-ms="15482">
    <groups>
    </groups>
    <test started-at="2022-07-29T00:09:28 EET" name="Default test" finished-at="2022-07-29T00:09:44 EET" duration-ms="15482">
      <class name="TestCase.signInTestcase">
        <test-method is-config="true" signature="launchBrowser()[pri:0, instance:TestCase.signInTestcase@5e5d171f]" started-at="2022-07-29T00:09:28 EET" name="launchBrowser" finished-at="2022-07-29T00:09:33 EET" duration-ms="4895" status="PASS">
          <reporter-output>
          </reporter-output>
        </test-method> <!-- launchBrowser -->
        <test-method signature="createNewAccount2()[pri:0, instance:TestCase.signInTestcase@5e5d171f]" started-at="2022-07-29T00:09:33 EET" name="createNewAccount2" finished-at="2022-07-29T00:09:38 EET" duration-ms="5069" status="PASS">
          <reporter-output>
          </reporter-output>
        </test-method> <!-- createNewAccount2 -->
        <test-method is-config="true" signature="cloaseBrowser()[pri:0, instance:TestCase.signInTestcase@5e5d171f]" started-at="2022-07-29T00:09:44 EET" name="cloaseBrowser" finished-at="2022-07-29T00:09:44 EET" duration-ms="410" status="PASS">
          <reporter-output>
          </reporter-output>
        </test-method> <!-- cloaseBrowser -->
      </class> <!-- TestCase.signInTestcase -->
      <class name="TestCase.orderTestCase">
        <test-method signature="ordertest()[pri:0, instance:TestCase.orderTestCase@37ceb1df]" started-at="2022-07-29T00:09:39 EET" name="ordertest" finished-at="2022-07-29T00:09:44 EET" duration-ms="5037" status="PASS">
          <reporter-output>
          </reporter-output>
        </test-method> <!-- ordertest -->
      </class> <!-- TestCase.orderTestCase -->
    </test> <!-- Default test -->
  </suite> <!-- Default suite -->
</testng-results>
