<?xml version="1.0" encoding="UTF-8"?>
<!-- Generated by org.testng.reporters.JUnitXMLReporter -->
<testsuite ignored="2" hostname="DESKTOP-PQVHF1N" failures="0" tests="2" name="Default test" time="15.482" errors="0" timestamp="2022-07-29T00:09:44 EET">
  <testcase classname="TestCase.signInTestcase" name="createNewAccount2" time="5.069"/>
  <testcase classname="TestCase.orderTestCase" name="ordertest" time="5.037"/>
  <testcase classname="TestBase.TestBase" name="@BeforeTest launchBrowser" time="0.0">
    <ignored/>
  </testcase> <!-- @BeforeTest launchBrowser -->
  <testcase classname="TestBase.TestBase" name="@AfterTest cloaseBrowser" time="0.0">
    <ignored/>
  </testcase> <!-- @AfterTest cloaseBrowser -->
</testsuite> <!-- Default test -->
